# Nemo    v0.32.6b DMI  [06 Mar 2025]
#
# simulation started on 21-01-2026 11:24:17


filename sc_p20_small_clusters_rep01_run-2
generations 200
logfile sc_p20_small_clusters_rep01_run_log
random_seed 22261320
replicates 20
root_dir results/sc_p20_small_clusters_rep01
run_mode overwrite

patch_init_stage_size &input_files/patch_init_stage_size/patch_init_stage_size_sc_p20_small_clusters_rep01.txt
patch_nbfem 200
patch_nbmal 0
patch_number 625
pop_age_structure {{0,1,4,40}}
pop_transition_by_age 1
pop_transition_matrix {{0,	0,	0,	1000}	{0.3,	0,	0,	0}	{0,	0.7,	0,	0}	{0,	0,	1,	0.97}}
source_pop results/sc_p20_small_clusters_rep01/burnin/sc_p20_small_clusters_rep01_burnin
source_preserve 1
source_replicate_digit 1
source_replicates 1

quanti_allele_model diallelic_HC
quanti_allele_value {{0.05}}
quanti_dir quanti_beech1_k200_b0.01
quanti_loci 10
quanti_logtime {{1, 100, 200, 300, 400, 500, 600, 700, 800, 900, 1000}}
quanti_mutation_rate 0
quanti_mutation_variance 0
quanti_output 1
quanti_traits 1

save_stats 4
stat pop pop.patch 
stat_log_time 100

save_files 6

regulation 3
regulation_by_competition 0.01
regulation_by_competition_affected_age {{1,2}}
regulation_by_competition_count_age_flag 4294967295
regulation_by_competition_model Beverton-Holt
regulation_carrying_capacity 1

aging_multi 5

breed_disperse 1
breed_disperse_connectivity_matrix_fem {{1}{2}{3}{4}{5}{6}{7}{8}{9}{10}{11}{12}{13}{14}{15}{16}{17}{18}{19}{20}{21}{22}{23}{24}{25}{26}{27}{28}{29}{30}{31}{32}{33}{34}{35}{36}{37}{38}{39}{40}{41}{42}{43}{44}{45}{46}{47}{48}{49}{50}{51}{52}{53}{54}{55}{56}{57}{58}{59}{60}{61}{62}{63}{64}{65}{66}{67}{68}{69}{70}{71}{72}{73}{74}{75}{76}{77}{78}{79}{80}{81}{82}{83}{84}{85}{86}{87}{88}{89}{90}{91}{92}{93}{94}{95}{96}{97}{98}{99}{100}{101}{102}{103}{104}{105}{106}{107}{108}{109}{110}{111}{112}{113}{114}{115}{116}{117}{118}{119}{120}{121}{122}{123}{124}{125}{126}{127}{128}{129}{130}{131}{132}{133}{134}{135}{136}{137}{138}{139}{140}{141}{142}{143}{144}{145}{146}{147}{148}{149}{150}{151}{152}{153}{154}{155}{156}{157}{158}{159}{160}{161}{162}{163}{164}{165}{166}{167}{168}{169}{170}{171}{172}{173}{174}{175}{176}{177}{178}{179}{180}{181}{182}{183}{184}{185}{186}{187}{188}{189}{190}{191}{192}{193}{194}{195}{196}{197}{198}{199}{200}{201}{202}{203}{204}{205}{206}{207}{208}{209}{210}{211}{212}{213}{214}{215}{216}{217}{218}{219}{220}{221}{222}{223}{224}{225}{226}{227}{228}{229}{230}{231}{232}{233}{234}{235}{236}{237}{238}{239}{240}{241}{242}{243}{244}{245}{246}{247}{248}{249}{250}{251}{252}{253}{254}{255}{256}{257}{258}{259}{260}{261}{262}{263}{264}{265}{266}{267}{268}{269}{270}{271}{272}{273}{274}{275}{276}{277}{278}{279}{280}{281}{282}{283}{284}{285}{286}{287}{288}{289}{290}{291}{292}{293}{294}{295}{296}{297}{298}{299}{300}{301}{302}{303}{304}{305}{306}{307}{308}{309}{310}{311}{312}{313}{314}{315}{316}{317}{318}{319}{320}{321}{322}{323}{324}{325}{326}{327}{328}{329}{330}{331}{332}{333}{334}{335}{336}{337}{338}{339}{340}{341}{342}{343}{344}{345}{346}{347}{348}{349}{350}{351}{352}{353}{354}{355}{356}{357}{358}{359}{360}{361}{362}{363}{364}{365}{366}{367}{368}{369}{370}{371}{372}{373}{374}{375}{376}{377}{378}{379}{380}{381}{382}{383}{384}{385}{386}{387}{388}{389}{390}{391}{392}{393}{394}{395}{396}{397}{398}{399}{400}{401}{402}{403}{404}{405}{406}{407}{408}{409}{410}{411}{412}{413}{414}{415}{416}{417}{418}{419}{420}{421}{422}{423}{424}{425}{426}{427}{428}{429}{430}{431}{432}{433}{434}{435}{436}{437}{438}{439}{440}{441}{442}{443}{444}{445}{446}{447}{448}{449}{450}{451}{452}{453}{454}{455}{456}{457}{458}{459}{460}{461}{462}{463}{464}{465}{466}{467}{468}{469}{470}{471}{472}{473}{474}{475}{476}{477}{478}{479}{480}{481}{482}{483}{484}{485}{486}{487}{488}{489}{490}{491}{492}{493}{494}{495}{496}{497}{498}{499}{500}{501}{502}{503}{504}{505}{506}{507}{508}{509}{510}{511}{512}{513}{514}{515}{516}{517}{518}{519}{520}{521}{522}{523}{524}{525}{526}{527}{528}{529}{530}{531}{532}{533}{534}{535}{536}{537}{538}{539}{540}{541}{542}{543}{544}{545}{546}{547}{548}{549}{550}{551}{552}{553}{554}{555}{556}{557}{558}{559}{560}{561}{562}{563}{564}{565}{566}{567}{568}{569}{570}{571}{572}{573}{574}{575}{576}{577}{578}{579}{580}{581}{582}{583}{584}{585}{586}{587}{588}{589}{590}{591}{592}{593}{594}{595}{596}{597}{598}{599}{600}{601}{602}{603}{604}{605}{606}{607}{608}{609}{610}{611}{612}{613}{614}{615}{616}{617}{618}{619}{620}{621}{622}{623}{624}{625}}
breed_disperse_connectivity_matrix_mal &input_files/disperse/Pollen_connectivity_matrix_d800.txt
breed_disperse_dispersing_sex male
breed_disperse_reduced_matrix_fem {{1}{1}{1}{1}{1}{1}{1}{1}{1}{1}{1}{1}{1}{1}{1}{1}{1}{1}{1}{1}{1}{1}{1}{1}{1}{1}{1}{1}{1}{1}{1}{1}{1}{1}{1}{1}{1}{1}{1}{1}{1}{1}{1}{1}{1}{1}{1}{1}{1}{1}{1}{1}{1}{1}{1}{1}{1}{1}{1}{1}{1}{1}{1}{1}{1}{1}{1}{1}{1}{1}{1}{1}{1}{1}{1}{1}{1}{1}{1}{1}{1}{1}{1}{1}{1}{1}{1}{1}{1}{1}{1}{1}{1}{1}{1}{1}{1}{1}{1}{1}{1}{1}{1}{1}{1}{1}{1}{1}{1}{1}{1}{1}{1}{1}{1}{1}{1}{1}{1}{1}{1}{1}{1}{1}{1}{1}{1}{1}{1}{1}{1}{1}{1}{1}{1}{1}{1}{1}{1}{1}{1}{1}{1}{1}{1}{1}{1}{1}{1}{1}{1}{1}{1}{1}{1}{1}{1}{1}{1}{1}{1}{1}{1}{1}{1}{1}{1}{1}{1}{1}{1}{1}{1}{1}{1}{1}{1}{1}{1}{1}{1}{1}{1}{1}{1}{1}{1}{1}{1}{1}{1}{1}{1}{1}{1}{1}{1}{1}{1}{1}{1}{1}{1}{1}{1}{1}{1}{1}{1}{1}{1}{1}{1}{1}{1}{1}{1}{1}{1}{1}{1}{1}{1}{1}{1}{1}{1}{1}{1}{1}{1}{1}{1}{1}{1}{1}{1}{1}{1}{1}{1}{1}{1}{1}{1}{1}{1}{1}{1}{1}{1}{1}{1}{1}{1}{1}{1}{1}{1}{1}{1}{1}{1}{1}{1}{1}{1}{1}{1}{1}{1}{1}{1}{1}{1}{1}{1}{1}{1}{1}{1}{1}{1}{1}{1}{1}{1}{1}{1}{1}{1}{1}{1}{1}{1}{1}{1}{1}{1}{1}{1}{1}{1}{1}{1}{1}{1}{1}{1}{1}{1}{1}{1}{1}{1}{1}{1}{1}{1}{1}{1}{1}{1}{1}{1}{1}{1}{1}{1}{1}{1}{1}{1}{1}{1}{1}{1}{1}{1}{1}{1}{1}{1}{1}{1}{1}{1}{1}{1}{1}{1}{1}{1}{1}{1}{1}{1}{1}{1}{1}{1}{1}{1}{1}{1}{1}{1}{1}{1}{1}{1}{1}{1}{1}{1}{1}{1}{1}{1}{1}{1}{1}{1}{1}{1}{1}{1}{1}{1}{1}{1}{1}{1}{1}{1}{1}{1}{1}{1}{1}{1}{1}{1}{1}{1}{1}{1}{1}{1}{1}{1}{1}{1}{1}{1}{1}{1}{1}{1}{1}{1}{1}{1}{1}{1}{1}{1}{1}{1}{1}{1}{1}{1}{1}{1}{1}{1}{1}{1}{1}{1}{1}{1}{1}{1}{1}{1}{1}{1}{1}{1}{1}{1}{1}{1}{1}{1}{1}{1}{1}{1}{1}{1}{1}{1}{1}{1}{1}{1}{1}{1}{1}{1}{1}{1}{1}{1}{1}{1}{1}{1}{1}{1}{1}{1}{1}{1}{1}{1}{1}{1}{1}{1}{1}{1}{1}{1}{1}{1}{1}{1}{1}{1}{1}{1}{1}{1}{1}{1}{1}{1}{1}{1}{1}{1}{1}{1}{1}{1}{1}{1}{1}{1}{1}{1}{1}{1}{1}{1}{1}{1}{1}{1}{1}{1}{1}{1}{1}{1}{1}{1}{1}{1}{1}{1}{1}{1}{1}{1}{1}{1}{1}{1}{1}{1}{1}{1}{1}{1}{1}{1}{1}{1}{1}{1}{1}{1}{1}{1}{1}{1}{1}{1}{1}{1}{1}{1}{1}{1}{1}{1}{1}{1}{1}{1}{1}{1}{1}{1}{1}{1}{1}{1}{1}{1}{1}{1}{1}{1}{1}{1}{1}{1}{1}{1}{1}{1}{1}{1}{1}{1}{1}{1}{1}{1}{1}{1}{1}{1}{1}{1}{1}{1}{1}{1}}
breed_disperse_reduced_matrix_mal &input_files/disperse/Pollen_rate_matrix_d800.txt
mating_proportion 0.005
mating_system 4

seed_disperse 2
seed_disperse_connectivity_matrix &input_files/disperse/Seed_connectivity_matrix_d10.txt
seed_disperse_reduced_matrix &input_files/disperse/Seed_rate_matrix_d10.txt

quanti_init 0
quanti_init_freq &input_files/quanti_init_freq/quanti_init_file_sc_p20_small_clusters_rep01.txt

#random_seed 22261320

# simulation finished 21-01-2026 11:27:15
# CPU time used: 00:02:57s
